<?xml version="1.0" encoding="UTF-8"?>
<!-- Generated by org.testng.reporters.JUnitXMLReporter -->
<testsuite ignored="0" hostname="DESKTOP-1TD6IV9" failures="0" tests="7" name="com.maven" time="1.426" errors="0" timestamp="2023-01-18T13:00:17 IST">
  <testcase classname="com.maven.Create_Org" name="connectDB" time="1.356"/>
  <testcase classname="com.maven.Home_module" name="deleteComment" time="0.002"/>
  <testcase classname="com.maven.Home_module" name="writeComment" time="0.001"/>
  <testcase classname="com.maven.Profile_module" name="addPhoto" time="0.001"/>
  <testcase classname="com.maven.Profile_module" name="deletePhoto" time="0.001"/>
  <testcase classname="com.maven.User_module" name="deleteStatus" time="0.001"/>
  <testcase classname="com.maven.User_module" name="shareStatus" time="0.001"/>
</testsuite> <!-- com.maven -->
