<?xml version="1.0" encoding="UTF-8"?>
<testng-results ignored="0" total="7" passed="7" failed="0" skipped="0">
  <reporter-output>
  </reporter-output>
  <suite started-at="2023-01-18T13:00:15 IST" name="ProjectForMaven by packages" finished-at="2023-01-18T13:00:17 IST" duration-ms="1426">
    <groups>
      <group name="regression">
        <method signature="Home_module.deleteComment()[pri:0, instance:com.maven.Home_module@7e5afaa6]" name="deleteComment" class="com.maven.Home_module"/>
        <method signature="Profile_module.deletePhoto()[pri:0, instance:com.maven.Profile_module@63a12c68]" name="deletePhoto" class="com.maven.Profile_module"/>
      </group> <!-- regression -->
      <group name="smoke">
        <method signature="Home_module.writeComment()[pri:0, instance:com.maven.Home_module@7e5afaa6]" name="writeComment" class="com.maven.Home_module"/>
        <method signature="Profile_module.addPhoto()[pri:0, instance:com.maven.Profile_module@63a12c68]" name="addPhoto" class="com.maven.Profile_module"/>
        <method signature="User_module.deleteStatus()[pri:0, instance:com.maven.User_module@28f3b248]" name="deleteStatus" class="com.maven.User_module"/>
      </group> <!-- smoke -->
    </groups>
    <test started-at="2023-01-18T13:00:15 IST" name="com.maven" finished-at="2023-01-18T13:00:17 IST" duration-ms="1426">
      <class name="com.maven.Create_Org">
        <test-method signature="connectDB()[pri:0, instance:com.maven.Create_Org@69997e9d]" started-at="2023-01-18T13:00:15 IST" name="connectDB" finished-at="2023-01-18T13:00:17 IST" duration-ms="1356" status="PASS">
          <reporter-output>
          </reporter-output>
        </test-method> <!-- connectDB -->
      </class> <!-- com.maven.Create_Org -->
      <class name="com.maven.Home_module">
        <test-method signature="deleteComment()[pri:0, instance:com.maven.Home_module@7e5afaa6]" started-at="2023-01-18T13:00:17 IST" name="deleteComment" finished-at="2023-01-18T13:00:17 IST" duration-ms="2" status="PASS">
          <reporter-output>
          </reporter-output>
        </test-method> <!-- deleteComment -->
        <test-method signature="writeComment()[pri:0, instance:com.maven.Home_module@7e5afaa6]" started-at="2023-01-18T13:00:17 IST" name="writeComment" finished-at="2023-01-18T13:00:17 IST" duration-ms="1" status="PASS">
          <reporter-output>
          </reporter-output>
        </test-method> <!-- writeComment -->
      </class> <!-- com.maven.Home_module -->
      <class name="com.maven.User_module">
        <test-method signature="deleteStatus()[pri:0, instance:com.maven.User_module@28f3b248]" started-at="2023-01-18T13:00:17 IST" name="deleteStatus" finished-at="2023-01-18T13:00:17 IST" duration-ms="1" status="PASS">
          <reporter-output>
          </reporter-output>
        </test-method> <!-- deleteStatus -->
        <test-method signature="shareStatus()[pri:0, instance:com.maven.User_module@28f3b248]" started-at="2023-01-18T13:00:17 IST" name="shareStatus" finished-at="2023-01-18T13:00:17 IST" duration-ms="1" status="PASS">
          <reporter-output>
          </reporter-output>
        </test-method> <!-- shareStatus -->
      </class> <!-- com.maven.User_module -->
      <class name="com.maven.Profile_module">
        <test-method signature="addPhoto()[pri:0, instance:com.maven.Profile_module@63a12c68]" started-at="2023-01-18T13:00:17 IST" name="addPhoto" finished-at="2023-01-18T13:00:17 IST" duration-ms="1" status="PASS">
          <reporter-output>
          </reporter-output>
        </test-method> <!-- addPhoto -->
        <test-method signature="deletePhoto()[pri:0, instance:com.maven.Profile_module@63a12c68]" started-at="2023-01-18T13:00:17 IST" name="deletePhoto" finished-at="2023-01-18T13:00:17 IST" duration-ms="1" status="PASS">
          <reporter-output>
          </reporter-output>
        </test-method> <!-- deletePhoto -->
      </class> <!-- com.maven.Profile_module -->
    </test> <!-- com.maven -->
  </suite> <!-- ProjectForMaven by packages -->
</testng-results>
